<?xml version="1.0" encoding="utf-8"?><testsuites name="pytest tests"><testsuite name="pytest" errors="0" failures="0" skipped="0" tests="8" time="60.692" timestamp="2026-08-28T17:07:28.878542+00:00" hostname="agent-env-c466c4ca-461b-440d-a0d2-8234202dd1cf"><testcase classname="tests.backend_test" name="test_root" time="0.302" /><testcase classname="tests.backend_test" name="test_get_posts_seeded" time="0.179" /><testcase classname="tests.backend_test" name="test_post_create_and_delete" time="0.645" /><testcase classname="tests.backend_test" name="test_delete_nonexistent_returns_404" time="0.148" /><testcase classname="tests.backend_test" name="test_habitat_analyze_bad_image" time="0.250" /><testcase classname="tests.backend_test" name="test_habitat_analyze_success" time="45.006" /><testcase classname="tests.backend_test" name="test_animal_analyze_bad_image" time="0.301" /><testcase classname="tests.backend_test" name="test_animal_analyze_success" time="13.279" /></testsuite></testsuites>