<?xml version="1.0" encoding="utf-8"?><testsuites name="pytest tests"><testsuite name="pytest" errors="0" failures="0" skipped="0" tests="15" time="27.850" timestamp="2026-08-28T18:01:57.700826+00:00" hostname="agent-env-c466c4ca-461b-440d-a0d2-8234202dd1cf"><testcase classname="tests.backend_test" name="test_root" time="0.249" /><testcase classname="tests.backend_test" name="test_get_posts_seeded" time="0.315" /><testcase classname="tests.backend_test" name="test_post_create_and_delete" time="1.035" /><testcase classname="tests.backend_test" name="test_delete_nonexistent_returns_404" time="0.125" /><testcase classname="tests.backend_test" name="test_habitat_analyze_bad_image" time="0.161" /><testcase classname="tests.backend_test" name="test_habitat_analyze_success" time="11.081" /><testcase classname="tests.backend_test" name="test_animal_analyze_bad_image" time="0.176" /><testcase classname="tests.backend_test" name="test_animal_analyze_success" time="11.978" /><testcase classname="tests.backend_test" name="test_auth_login_success" time="0.395" /><testcase classname="tests.backend_test" name="test_auth_login_wrong_password" time="0.335" /><testcase classname="tests.backend_test" name="test_auth_me_valid" time="0.598" /><testcase classname="tests.backend_test" name="test_auth_me_missing" time="0.179" /><testcase classname="tests.backend_test" name="test_auth_me_invalid" time="0.147" /><testcase classname="tests.backend_test" name="test_image_proxy_unsplash" time="0.330" /><testcase classname="tests.backend_test" name="test_image_proxy_invalid_url" time="0.147" /></testsuite></testsuites>